<?xml version="1.0" encoding="UTF-8"?>
<!-- Generated by org.testng.reporters.JUnitReportReporter -->
<testsuite hostname="Mohammed-Alam" failures="0" tests="1" name="zoopla.uk.myrunner.MyRunner" time="18.183" errors="0" timestamp="2022-08-13T20:05:36 EDT" skipped="0">
  <testcase classname="zoopla.uk.myrunner.MyRunner" name="runScenario" time="18.183"/>
  <system-out/>
</testsuite> <!-- zoopla.uk.myrunner.MyRunner -->
