<?xml version="1.0" encoding="UTF-8"?>
<!-- Generated by org.testng.reporters.JUnitReportReporter -->
<testsuite hostname="Mohammed-Alam" failures="0" tests="1" name="automation.challenges.ReadExcel" time="2.445" errors="0" timestamp="2022-09-10T16:27:27 EDT" skipped="0">
  <testcase classname="automation.challenges.ReadExcel" name="readExcelData" time="2.445"/>
  <system-out/>
</testsuite> <!-- automation.challenges.ReadExcel -->
