<?xml version="1.0" encoding="UTF-8"?>
<!-- Generated by org.testng.reporters.JUnitReportReporter -->
<testsuite hostname="Mohammed-Alam" failures="0" tests="1" name="zoopla.uk.myrunner.MyRunner" time="16.320" errors="0" timestamp="2022-08-20T20:41:28 EDT" skipped="0">
  <testcase classname="zoopla.uk.myrunner.MyRunner" name="runScenario" time="16.320"/>
  <system-out/>
</testsuite> <!-- zoopla.uk.myrunner.MyRunner -->
