<?xml version="1.0" encoding="UTF-8"?>
<!-- Generated by org.testng.reporters.JUnitReportReporter -->
<testsuite hostname="Mohammed-Alam" failures="0" tests="1" name="zoopla.uk.myrunner.MyRunner" time="15.417" errors="0" timestamp="2022-08-26T22:25:46 EDT" skipped="0">
  <testcase classname="zoopla.uk.myrunner.MyRunner" name="runScenario" time="15.417"/>
  <system-out/>
</testsuite> <!-- zoopla.uk.myrunner.MyRunner -->
